<?xml version="1.0" encoding="UTF-8"?>
<testng-results skipped="0" failed="0" ignored="0" total="1" passed="1">
  <reporter-output>
  </reporter-output>
  <suite name="SampleSuite" duration-ms="10316" started-at="2020-01-17T15:05:11Z" finished-at="2020-01-17T15:05:21Z">
    <groups>
    </groups>
    <test name="SampaleTest" duration-ms="10316" started-at="2020-01-17T15:05:11Z" finished-at="2020-01-17T15:05:21Z">
      <class name="com.practice.selenium.SeleniumDemo1.SeleniumTest">
        <test-method status="PASS" signature="gmailLogin()[pri:0, instance:com.practice.selenium.SeleniumDemo1.SeleniumTest@2893de87]" name="gmailLogin" duration-ms="10168" started-at="2020-01-17T15:05:11Z" finished-at="2020-01-17T15:05:21Z">
          <reporter-output>
          </reporter-output>
        </test-method> <!-- gmailLogin -->
      </class> <!-- com.practice.selenium.SeleniumDemo1.SeleniumTest -->
    </test> <!-- SampaleTest -->
  </suite> <!-- SampleSuite -->
</testng-results>
